[debug] [2025-07-31T18:53:01.646Z] ----------------------------------------------------------------------
[debug] [2025-07-31T18:53:04.618Z] Command:       C:\Program Files\nodejs\node.exe C:\Users\boxte\AppData\Roaming\npm\node_modules\firebase-tools\lib\bin\firebase.js init hosting
[debug] [2025-07-31T18:53:04.619Z] CLI Version:   14.11.2
[debug] [2025-07-31T18:53:04.620Z] Platform:      win32
[debug] [2025-07-31T18:53:04.620Z] Node Version:  v24.2.0
[debug] [2025-07-31T18:53:04.621Z] Time:          Thu Jul 31 2025 21:53:04 GMT+0300 (East Africa Time)
[debug] [2025-07-31T18:53:04.621Z] ----------------------------------------------------------------------
[debug] 
[debug] [2025-07-31T18:53:06.099Z] > command requires scopes: ["email","openid","https://www.googleapis.com/auth/cloudplatformprojects.readonly","https://www.googleapis.com/auth/firebase","https://www.googleapis.com/auth/cloud-platform"]
[debug] [2025-07-31T18:53:06.100Z] > authorizing via signed-in user (boxteljonathan@gmail.com)
[info] 
     ######## #### ########  ######## ########     ###     ######  ########
     ##        ##  ##     ## ##       ##     ##  ##   ##  ##       ##
     ######    ##  ########  ######   ########  #########  ######  ######
     ##        ##  ##    ##  ##       ##     ## ##     ##       ## ##
     ##       #### ##     ## ######## ########  ##     ##  ######  ########

You're about to initialize a Firebase project in this directory:

  C:\Users\boxte\OneDrive\Desktop\CAMPUS\hostel

[info] 
=== Project Setup
[info] 
[info] First, let's associate this project directory with a Firebase project.
[info] You can create multiple project aliases by running firebase use --add, 
[info] but for now we'll just set up a default project.
[info] 
[debug] [2025-07-31T18:54:02.197Z] Checked if tokens are valid: false, expires at: 1753977431653
[debug] [2025-07-31T18:54:02.198Z] Checked if tokens are valid: false, expires at: 1753977431653
[debug] [2025-07-31T18:54:02.198Z] > refreshing access token with scopes: []
[debug] [2025-07-31T18:54:02.415Z] >>> [apiv2][query] POST https://www.googleapis.com/oauth2/v3/token [none]
[debug] [2025-07-31T18:54:02.415Z] >>> [apiv2][body] POST https://www.googleapis.com/oauth2/v3/token [omitted]
[debug] [2025-07-31T18:54:29.609Z] <<< [apiv2][status] POST https://www.googleapis.com/oauth2/v3/token 200
[debug] [2025-07-31T18:54:29.609Z] <<< [apiv2][body] POST https://www.googleapis.com/oauth2/v3/token [omitted]
[debug] [2025-07-31T18:54:30.505Z] >>> [apiv2][query] GET https://firebase.googleapis.com/v1beta1/projects pageSize=100
[debug] [2025-07-31T18:54:34.866Z] <<< [apiv2][status] GET https://firebase.googleapis.com/v1beta1/projects 200
[debug] [2025-07-31T18:54:34.867Z] <<< [apiv2][body] GET https://firebase.googleapis.com/v1beta1/projects [omitted]
[debug] [2025-07-31T18:54:41.497Z] Error: Timed out.
    at Timeout._onTimeout (C:\Users\boxte\AppData\Roaming\npm\node_modules\firebase-tools\lib\utils.js:272:49)
    at listOnTimeout (node:internal/timers:608:17)
    at process.processTimers (node:internal/timers:543:7)
[error] 
[error] Error: An unexpected error has occurred.
